<?xml version="1.0" encoding="UTF-8"?>
<!-- Generated by org.testng.reporters.JUnitXMLReporter -->
<testsuite ignored="0" hostname="RU_TB1" failures="1" tests="1" name="Test" time="0.058" errors="0" timestamp="08 Jun 2022 05:16:55 GMT">
  <testcase classname="com.tbs.shop.page.Testcase" name="screenshottc" time="0.01">
    <failure type="java.lang.NullPointerException" message="Cannot invoke &amp;quot;org.openqa.selenium.TakesScreenshot.getScreenshotAs(org.openqa.selenium.OutputType)&amp;quot; because &amp;quot;com.tbs.shop.utilities.Baseclass.driver&amp;quot; is null">
      <![CDATA[java.lang.NullPointerException: Cannot invoke "org.openqa.selenium.TakesScreenshot.getScreenshotAs(org.openqa.selenium.OutputType)" because "com.tbs.shop.utilities.Baseclass.driver" is null
at com.tbs.shop.utilities.Baseclass.getScreenshot(Baseclass.java:45)
at com.tbs.shop.page.Testcase.screenshottc(Testcase.java:11)
... Removed 25 stack frames]]>
    </failure>
  </testcase> <!-- screenshottc -->
</testsuite> <!-- Test -->
