<?xml version="1.0" encoding="UTF-8"?>
<testng-results ignored="0" total="1" passed="0" failed="1" skipped="0">
  <reporter-output>
  </reporter-output>
  <suite started-at="2022-06-14T12:20:16Z" name="Default suite" finished-at="2022-06-14T12:21:09Z" duration-ms="53141">
    <groups>
    </groups>
    <test started-at="2022-06-14T12:20:16Z" name="Default test" finished-at="2022-06-14T12:21:09Z" duration-ms="53141">
      <class name="com.tbs.shoptouch.page.Testcase">
        <test-method is-config="true" signature="extendReport()[pri:0, instance:com.tbs.shoptouch.page.Testcase@7c8c9a05]" started-at="2022-06-14T12:20:16Z" name="extendReport" finished-at="2022-06-14T12:20:17Z" duration-ms="466" status="PASS">
          <reporter-output>
          </reporter-output>
        </test-method> <!-- extendReport -->
        <test-method is-config="true" signature="setup()[pri:0, instance:com.tbs.shoptouch.page.Testcase@7c8c9a05]" started-at="2022-06-14T12:20:17Z" name="setup" finished-at="2022-06-14T12:20:20Z" duration-ms="3098" status="PASS">
          <reporter-output>
          </reporter-output>
        </test-method> <!-- setup -->
        <test-method signature="logintest(java.lang.String, java.lang.String)[pri:0, instance:com.tbs.shoptouch.page.Testcase@7c8c9a05]" started-at="2022-06-14T12:20:20Z" name="logintest" data-provider="getLogindata" finished-at="2022-06-14T12:21:08Z" duration-ms="48820" status="FAIL">
          <exception class="org.testng.internal.reflect.MethodMatcherException">
            <message>
              <![CDATA[
Data provider mismatch
Method: logintest([Parameter{index=0, type=java.lang.String, declaredAnnotations=[]}, Parameter{index=1, type=java.lang.String, declaredAnnotations=[]}])
Arguments: [(java.lang.String) sat1,(java.lang.Double) 123.0]]]>
            </message>
            <full-stacktrace>
              <![CDATA[org.testng.internal.reflect.MethodMatcherException: 
Data provider mismatch
Method: logintest([Parameter{index=0, type=java.lang.String, declaredAnnotations=[]}, Parameter{index=1, type=java.lang.String, declaredAnnotations=[]}])
Arguments: [(java.lang.String) sat1,(java.lang.Double) 123.0]
at org.testng.internal.reflect.DataProviderMethodMatcher.getConformingArguments(DataProviderMethodMatcher.java:45)
at org.testng.internal.Parameters.injectParameters(Parameters.java:796)
at org.testng.internal.Invoker.invokeTestMethods(Invoker.java:983)
at org.testng.internal.TestMethodWorker.invokeTestMethods(TestMethodWorker.java:125)
at org.testng.internal.TestMethodWorker.run(TestMethodWorker.java:109)
at org.testng.TestRunner.privateRun(TestRunner.java:648)
at org.testng.TestRunner.run(TestRunner.java:505)
at org.testng.SuiteRunner.runTest(SuiteRunner.java:455)
at org.testng.SuiteRunner.runSequentially(SuiteRunner.java:450)
at org.testng.SuiteRunner.privateRun(SuiteRunner.java:415)
at org.testng.SuiteRunner.run(SuiteRunner.java:364)
at org.testng.SuiteRunnerWorker.runSuite(SuiteRunnerWorker.java:52)
at org.testng.SuiteRunnerWorker.run(SuiteRunnerWorker.java:84)
at org.testng.TestNG.runSuitesSequentially(TestNG.java:1208)
at org.testng.TestNG.runSuitesLocally(TestNG.java:1137)
at org.testng.TestNG.runSuites(TestNG.java:1049)
at org.testng.TestNG.run(TestNG.java:1017)
at org.testng.remote.AbstractRemoteTestNG.run(AbstractRemoteTestNG.java:115)
at org.testng.remote.RemoteTestNG.initAndRun(RemoteTestNG.java:251)
at org.testng.remote.RemoteTestNG.main(RemoteTestNG.java:77)
]]>
            </full-stacktrace>
          </exception> <!-- org.testng.internal.reflect.MethodMatcherException -->
          <reporter-output>
          </reporter-output>
        </test-method> <!-- logintest -->
        <test-method is-config="true" signature="reportgeneration()[pri:0, instance:com.tbs.shoptouch.page.Testcase@7c8c9a05]" started-at="2022-06-14T12:21:08Z" name="reportgeneration" finished-at="2022-06-14T12:21:09Z" duration-ms="499" status="PASS">
          <reporter-output>
          </reporter-output>
        </test-method> <!-- reportgeneration -->
        <test-method is-config="true" signature="tearDown()[pri:0, instance:com.tbs.shoptouch.page.Testcase@7c8c9a05]" started-at="2022-06-14T12:21:09Z" name="tearDown" finished-at="2022-06-14T12:21:09Z" duration-ms="226" status="PASS">
          <reporter-output>
          </reporter-output>
        </test-method> <!-- tearDown -->
      </class> <!-- com.tbs.shoptouch.page.Testcase -->
    </test> <!-- Default test -->
  </suite> <!-- Default suite -->
</testng-results>
